<?xml version="1.0" encoding="UTF-8"?>
<testng-results ignored="0" total="1" passed="1" failed="0" skipped="0">
  <reporter-output>
  </reporter-output>
  <suite started-at="2022-02-21T17:29:44 CST" name="Suite" finished-at="2022-02-21T17:30:09 CST" duration-ms="25187">
    <groups>
    </groups>
    <test started-at="2022-02-21T17:29:44 CST" name="Test" finished-at="2022-02-21T17:30:09 CST" duration-ms="25187">
      <class name="com.tests.finalTest.EndToEnd">
        <test-method signature="endToEnd()[pri:0, instance:com.tests.finalTest.EndToEnd@51f116b8]" started-at="2022-02-21T17:29:44 CST" name="endToEnd" finished-at="2022-02-21T17:30:09 CST" duration-ms="25125" status="PASS">
          <reporter-output>
          </reporter-output>
        </test-method> <!-- endToEnd -->
      </class> <!-- com.tests.finalTest.EndToEnd -->
    </test> <!-- Test -->
  </suite> <!-- Suite -->
</testng-results>
